Build started 15/03/2018 09:47:22.
     1>Project "C:\Users\1613789\Documents\GitHub\Thomas-Was-Late\ThomasWasAlone.vcxproj" on node 2 (Build target(s)).
     1>C:\Program Files (x86)\MSBuild\Microsoft.Cpp\v4.0\V140\Microsoft.CppBuild.targets(392,5): warning MSB8028: The intermediate directory (Debug\) contains files shared from another project (ThomasWasAlone.vcxproj).  This can lead to incorrect clean and rebuild behavior.
     1>ClCompile:
         C:\Program Files (x86)\Microsoft Visual Studio 14.0\VC\bin\CL.exe /c /I"SFML-2.4.2\include" /ZI /nologo /W3 /WX- /sdl /Od /Oy- /D WIN32 /D _DEBUG /D _CONSOLE /D _UNICODE /D UNICODE /Gm /EHsc /RTC1 /MDd /GS /fp:precise /Zc:wchar_t /Zc:forScope /Zc:inline /Yu"stdafx.h" /Fp"Debug\ThomasWasLate.pch" /Fo"Debug\\" /Fd"Debug\vc140.pdb" /Gd /TP /analyze- /errorReport:prompt Bob.cpp PlayableCharacter.cpp Thomas.cpp ThomasWasLate.cpp
         ThomasWasLate.cpp
         Thomas.cpp
         PlayableCharacter.cpp
     1>c:\users\1613789\documents\github\thomas-was-late\playablecharacter.cpp(72): warning C4244: '=': conversion from 'double' to 'float', possible loss of data
     1>c:\users\1613789\documents\github\thomas-was-late\playablecharacter.cpp(78): warning C4244: '=': conversion from 'double' to 'float', possible loss of data
     1>c:\users\1613789\documents\github\thomas-was-late\playablecharacter.cpp(125): warning C4552: '-': operator has no effect; expected operator with side-effect
     1>c:\users\1613789\documents\github\thomas-was-late\playablecharacter.cpp(127): warning C4552: '-': operator has no effect; expected operator with side-effect
     1>c:\users\1613789\documents\github\thomas-was-late\playablecharacter.cpp(132): warning C4552: '-': operator has no effect; expected operator with side-effect
     1>c:\users\1613789\documents\github\thomas-was-late\playablecharacter.cpp(138): warning C4552: '+': operator has no effect; expected operator with side-effect
         Bob.cpp
         Generating Code...
       Link:
         C:\Program Files (x86)\Microsoft Visual Studio 14.0\VC\bin\link.exe /ERRORREPORT:PROMPT /OUT:"C:\Users\1613789\Documents\GitHub\Thomas-Was-Late\Debug\ThomasWasLate.exe" /INCREMENTAL /NOLOGO /LIBPATH:"SFML-2.4.2\lib" "sfml-graphics-d.lib" "sfml-window-d.lib" "sfml-system-d.lib" kernel32.lib user32.lib gdi32.lib winspool.lib comdlg32.lib advapi32.lib shell32.lib ole32.lib oleaut32.lib uuid.lib odbc32.lib odbccp32.lib /MANIFEST /MANIFESTUAC:"level='asInvoker' uiAccess='false'" /manifest:embed /Debug /PDB:"C:\Users\1613789\Documents\GitHub\Thomas-Was-Late\Debug\ThomasWasLate.pdb" /SUBSYSTEM:CONSOLE /TLBID:1 /DYNAMICBASE /NXCOMPAT /IMPLIB:"C:\Users\1613789\Documents\GitHub\Thomas-Was-Late\Debug\ThomasWasLate.lib" /MACHINE:X86 Debug\Bob.obj
         Debug\Draw.obj
         Debug\Engine.obj
         Debug\Input.obj
         Debug\PlayableCharacter.obj
         Debug\stdafx.obj
         Debug\TextureHolder.obj
         Debug\Thomas.obj
         Debug\ThomasWasLate.obj
         Debug\Update.obj
         ThomasWasAlone.vcxproj -> C:\Users\1613789\Documents\GitHub\Thomas-Was-Late\Debug\ThomasWasLate.exe
     1>Done Building Project "C:\Users\1613789\Documents\GitHub\Thomas-Was-Late\ThomasWasAlone.vcxproj" (Build target(s)).

Build succeeded.

Time Elapsed 00:00:08.09
